<?xml version="1.0" encoding="UTF-8"?>
<!-- Generated by org.testng.reporters.JUnitReportReporter -->
<testsuite hostname="DESKTOP-3321287" failures="0" tests="3" name="com.TestNg.TestScripts.CreateOrgTest" time="0.027" errors="0" timestamp="2021-10-28T15:35:51 IST" skipped="0">
  <testcase classname="com.TestNg.TestScripts.CreateOrgTest" name="createOrgWithRatingTest" time="0.009"/>
  <system-out/>
  <testcase classname="com.TestNg.TestScripts.CreateOrgTest" name="createOrgTest" time="0.011"/>
  <system-out/>
  <testcase classname="com.TestNg.TestScripts.CreateOrgTest" name="createOrgWithIndusTest" time="0.007"/>
  <system-out/>
</testsuite> <!-- com.TestNg.TestScripts.CreateOrgTest -->
