<?xml version="1.0" encoding="UTF-8"?>
<!-- Generated by org.testng.reporters.JUnitReportReporter -->
<testsuite hostname="DESKTOP-3321287" failures="0" tests="1" name="com.TestNg.TestScripts.HandlingWebTablewithDelete" time="14.123" errors="0" timestamp="2021-11-10T10:06:11 IST" skipped="0">
  <testcase classname="com.TestNg.TestScripts.HandlingWebTablewithDelete" name="handlingWebTable" time="14.123"/>
  <system-out/>
</testsuite> <!-- com.TestNg.TestScripts.HandlingWebTablewithDelete -->
