<?xml version="1.0" encoding="UTF-8"?>
<!-- Generated by org.testng.reporters.JUnitReportReporter -->
<testsuite hostname="DESKTOP-3321287" failures="0" tests="1" name="com.sdet24.CreateContactTest.CreateContactTest" time="37.807" errors="0" timestamp="2021-11-08T13:01:42 IST" skipped="0">
  <testcase classname="com.sdet24.CreateContactTest.CreateContactTest" name="createOrgTest" time="37.807"/>
  <system-out/>
</testsuite> <!-- com.sdet24.CreateContactTest.CreateContactTest -->
