<?xml version="1.0" encoding="UTF-8"?>
<!-- Generated by org.testng.reporters.JUnitReportReporter -->
<testsuite hostname="DESKTOP-3321287" failures="0" tests="1" name="com.TestNg.TestScripts.Sample_TestNG_Test" time="18.232" errors="0" timestamp="2021-10-28T13:36:29 IST" skipped="0">
  <testcase classname="com.TestNg.TestScripts.Sample_TestNG_Test" name="createOrgTest" time="18.232"/>
  <system-out/>
</testsuite> <!-- com.TestNg.TestScripts.Sample_TestNG_Test -->
