<?xml version="1.0" encoding="UTF-8"?>
<!-- Generated by org.testng.reporters.JUnitReportReporter -->
<testsuite hostname="DESKTOP-3321287" failures="0" tests="1" name="com.TestNg.TestScripts.clearTrip" time="15.169" errors="0" timestamp="2021-11-09T15:59:39 IST" skipped="0">
  <testcase classname="com.TestNg.TestScripts.clearTrip" name="cleartrip" time="15.169"/>
  <system-out/>
</testsuite> <!-- com.TestNg.TestScripts.clearTrip -->
