<?xml version="1.0" encoding="UTF-8"?>
<!-- Generated by org.testng.reporters.JUnitReportReporter -->
<testsuite hostname="DESKTOP-3321287" failures="0" tests="5" name="com.TestNg.TestScripts.SampleTest_DataProvider" time="0.047" errors="0" timestamp="2021-10-28T15:20:24 IST" skipped="0">
  <testcase classname="com.TestNg.TestScripts.SampleTest_DataProvider" name="bookTicket" time="0.012"/>
  <system-out/>
  <testcase classname="com.TestNg.TestScripts.SampleTest_DataProvider" name="bookTicket" time="0.006"/>
  <system-out/>
  <testcase classname="com.TestNg.TestScripts.SampleTest_DataProvider" name="bookTicket" time="0.012"/>
  <system-out/>
  <testcase classname="com.TestNg.TestScripts.SampleTest_DataProvider" name="bookTicket" time="0.010"/>
  <system-out/>
  <testcase classname="com.TestNg.TestScripts.SampleTest_DataProvider" name="bookTicket" time="0.007"/>
  <system-out/>
</testsuite> <!-- com.TestNg.TestScripts.SampleTest_DataProvider -->
