<?xml version="1.0" encoding="UTF-8"?>
<!-- Generated by org.testng.reporters.JUnitReportReporter -->
<testsuite hostname="DESKTOP-3321287" failures="0" tests="1" name="com.TestNg.TestScripts.Sample_TestNG2_Test" time="18.938" errors="0" timestamp="2021-10-28T13:36:29 IST" skipped="0">
  <testcase classname="com.TestNg.TestScripts.Sample_TestNG2_Test" name="createOrgTest2" time="18.938"/>
  <system-out/>
</testsuite> <!-- com.TestNg.TestScripts.Sample_TestNG2_Test -->
