<?xml version="1.0" encoding="UTF-8"?>
<!-- Generated by org.testng.reporters.JUnitReportReporter -->
<testsuite hostname="DESKTOP-3321287" failures="0" tests="1" name="com.TestNg.TestScripts.HandlingWebTable" time="12.191" errors="0" timestamp="2021-11-09T15:49:18 IST" skipped="0">
  <testcase classname="com.TestNg.TestScripts.HandlingWebTable" name="handlingWebTable" time="12.191"/>
  <system-out/>
</testsuite> <!-- com.TestNg.TestScripts.HandlingWebTable -->
