<?xml version="1.0" encoding="UTF-8"?>
<!-- Generated by org.testng.reporters.JUnitReportReporter -->
<testsuite hostname="DESKTOP-3321287" failures="0" tests="1" name="com.TestNg.TestScripts.CurrentDate" time="61.263" errors="0" timestamp="2021-11-09T12:45:17 IST" skipped="0">
  <testcase classname="com.TestNg.TestScripts.CurrentDate" name="currentdate" time="61.263"/>
  <system-out/>
</testsuite> <!-- com.TestNg.TestScripts.CurrentDate -->
