<?xml version="1.0" encoding="UTF-8"?>
<!-- Generated by org.testng.reporters.JUnitReportReporter -->
<testsuite hostname="DESKTOP-3321287" failures="0" tests="1" name="practice.CurrentDate" time="0.038" errors="0" timestamp="2021-11-10T10:23:02 IST" skipped="0">
  <testcase classname="practice.CurrentDate" name="currentdate" time="0.038"/>
  <system-out/>
</testsuite> <!-- practice.CurrentDate -->
