<?xml version="1.0" encoding="UTF-8"?>
<!-- Generated by org.testng.reporters.JUnitReportReporter -->
<testsuite hostname="DESKTOP-3321287" failures="0" tests="6" name="com.TestNg.TestScripts.CustomerTest" time="0.045" errors="0" timestamp="2021-10-28T12:17:49 IST" skipped="0">
  <testcase classname="com.TestNg.TestScripts.CustomerTest" name="modifyCustomerTest" time="0.006"/>
  <system-out/>
  <testcase classname="com.TestNg.TestScripts.CustomerTest" name="deleteCustomerTest" time="0.003"/>
  <system-out/>
  <testcase classname="com.TestNg.TestScripts.CustomerTest" name="createCustomerTest" time="0.022"/>
  <system-out/>
  <testcase classname="com.TestNg.TestScripts.CustomerTest" name="createCustomerTest" time="0.004"/>
  <system-out/>
  <testcase classname="com.TestNg.TestScripts.CustomerTest" name="createCustomerTest" time="0.006"/>
  <system-out/>
  <testcase classname="com.TestNg.TestScripts.CustomerTest" name="createCustomerTest" time="0.004"/>
  <system-out/>
</testsuite> <!-- com.TestNg.TestScripts.CustomerTest -->
